<?xml version="1.0" encoding="UTF-8"?>
<!-- Generated by org.testng.reporters.JUnitReportReporter -->
<testsuite hostname="LAPTOP-1CTR9ER3" failures="0" tests="6" name="api.test.DDTests" time="15.356" errors="0" timestamp="2025-02-23T20:18:02 IST" skipped="0">
  <testcase classname="api.test.DDTests" name="testPostUser" time="1.227"/>
  <testcase classname="api.test.DDTests" name="testPostUser" time="1.347"/>
  <testcase classname="api.test.DDTests" name="testPostUser" time="8.724"/>
  <testcase classname="api.test.DDTests" name="testDeleteUserByName" time="1.390"/>
  <testcase classname="api.test.DDTests" name="testDeleteUserByName" time="1.336"/>
  <testcase classname="api.test.DDTests" name="testDeleteUserByName" time="1.332"/>
</testsuite> <!-- api.test.DDTests -->
