<?xml version="1.0" encoding="UTF-8"?>
<!-- Generated by org.testng.reporters.JUnitReportReporter -->
<testsuite hostname="LAPTOP-1CTR9ER3" failures="0" tests="4" name="api.test.UserTests" time="15.621" errors="0" timestamp="2025-02-23T23:50:14 IST" skipped="0">
  <testcase classname="api.test.UserTests" name="testPostUser" time="9.950"/>
  <testcase classname="api.test.UserTests" name="testGetUserByName" time="1.431"/>
  <testcase classname="api.test.UserTests" name="testUpdateUserByName" time="2.883"/>
  <testcase classname="api.test.UserTests" name="testDeleteUserByName" time="1.357"/>
</testsuite> <!-- api.test.UserTests -->
