<?xml version="1.0" encoding="UTF-8"?>
<!-- Generated by org.testng.reporters.JUnitReportReporter -->
<testsuite hostname="LAPTOP-1CTR9ER3" failures="0" tests="4" name="api.test.UserTests2" time="10.590" errors="0" timestamp="2025-02-24T00:46:31 IST" skipped="0">
  <testcase classname="api.test.UserTests2" name="testPostUser" time="5.241"/>
  <testcase classname="api.test.UserTests2" name="testGetUserByName" time="1.447"/>
  <testcase classname="api.test.UserTests2" name="testUpdateUserByName" time="2.678"/>
  <testcase classname="api.test.UserTests2" name="testDeleteUserByName" time="1.224"/>
</testsuite> <!-- api.test.UserTests2 -->
